00000004
00000015
00000021
00000024
00000027
00000031
00000036
00000037
00000048
00000049
00000053
00000055
00000065
00000066
00000071
00000086
00000091
00000100
00000114
00000125
00000126
00000127
00000133
00000135
00000137
00000138
00000150
00000157
00000166
00000167
00000169
00000177
00000189
00000196
00000198
00000203
00000217
00000223
00000224
00000228
00000232
00000237
00000242
00000243
00000248
00000249
00000250
00000251
00000253
00000256
00000258
00000263
00000278
00000279
00000292
00000293
00000300
00000301
00000311
00000321
00000333
00000334
00000335
00000349
00000380
00000388
00000393
00000408
00000417
00000434
00000435
00000440
00000443
00000446
00000448
00000450
00000454
00000467
00000470
00000482
00000486
00000488
00000499
00000503
00000509
00000515
00000517
00000533
00000540
00000544
00000552
00000558
00000562
00000572
00000608
00000616
00000619
00000632
00000638
00000640
00000647
00000648
00000651
00000654
00000664
00000667
00000675
00000676
00000677
00000683
00000686
00000688
00000698
00000700
00000708
00000713
00000716
00000718
00000719
00000720
00000721
00000727
00000729
00000730
00000731
00000734
00000740
00000747
00000748
